#
# A fatal error has been detected by the Java Runtime Environment:
#
#  EXCEPTION_ACCESS_VIOLATION (0xc0000005) at pc=0x000000006f128d2e, pid=10696, tid=0x000000000000183c
#
# JRE version: Java(TM) SE Runtime Environment (8.0_261-b12) (build 1.8.0_261-b12)
# Java VM: Java HotSpot(TM) 64-Bit Server VM (25.261-b12 mixed mode windows-amd64 compressed oops)
# Problematic frame:
# V  [jvm.dll+0x108d2e]
#
# Failed to write core dump. Minidumps are not enabled by default on client versions of Windows
#
# If you would like to submit a bug report, please visit:
#   http://bugreport.java.com/bugreport/crash.jsp
#

---------------  T H R E A D  ---------------

Current thread (0x0000026679f2d800):  JavaThread "Daemon worker" [_thread_in_vm, id=6204, stack(0x000000777ad00000,0x000000777ae00000)]

siginfo: ExceptionCode=0xc0000005, writing address 0x000000004dd99e49

Registers:
RAX=0xffffffffffffffff, RBX=0x0000025e9ebb9388, RCX=0x0000026679f2ff58, RDX=0x0000000000004801
RSP=0x000000777adf8878, RBP=0x0000026679f2d858, RSI=0x000000000002c056, RDI=0x00000007c0304428
R8 =0x000000000002c056, R9 =0x6561642f72656863, R10=0x000000006f5f4768, R11=0x00000007c02ae0d8
R12=0x0000000000000040, R13=0x000002667e01a4b4, R14=0x0000000000000042, R15=0x0000000000000042
RIP=0x000000006f128d2e, EFLAGS=0x0000000000010286

Top of Stack: (sp=0x000000777adf8878)
0x000000777adf8878:   000000006f0e6684 0000026679f2d800
0x000000777adf8888:   000000006f13d933 00000266788ac8d0
0x000000777adf8898:   00000266788ac8e0 0000000000000002
0x000000777adf88a8:   00000007c0304428 0000000000000042
0x000000777adf88b8:   000000006f12d2c1 0000000781cba6e8
0x000000777adf88c8:   0000026679f2d800 0000000000000080
0x000000777adf88d8:   0000000000000040 00000007c0304428
0x000000777adf88e8:   000000006f13d6ee 0000000000000000
0x000000777adf88f8:   00000000ffffffff 0000026679f2d800
0x000000777adf8908:   0000026679f2d800 000002667e0192c8
0x000000777adf8918:   000000000000000a 0000000700500a50
0x000000777adf8928:   0000026679a059d0 000000777adf8a40
0x000000777adf8938:   0000000000000080 000002667e2cbf40
0x000000777adf8948:   000000006f0ef1e6 0000026679f2d800
0x000000777adf8958:   0000000000000000 0000026679f2d800
0x000000777adf8968:   000000777adf89f0 00000000000002b0 

Instructions: (pc=0x000000006f128d2e)
0x000000006f128d0e:   24 80 00 00 00 48 83 c4 70 5f c3 cc cc cc cc cc
0x000000006f128d1e:   cc cc 48 89 5c 24 08 57 48 83 ec 20 4c 8b 49 18
0x000000006f128d2e:   33 ff 48 8b d9 4d 85 c9 75 05 44 8b c7 eb 42 0f
0x000000006f128d3e:   b6 05 84 d0 6d 00 48 63 15 85 d9 68 00 f6 d8 8b 


Register to memory mapping:

RAX=0xffffffffffffffff is an unknown value
RBX=0x0000025e9ebb9388 is an unknown value
RCX=0x0000026679f2ff58 is an unknown value
RDX=0x0000000000004801 is an unknown value
RSP=0x000000777adf8878 is pointing into the stack for thread: 0x0000026679f2d800
RBP=0x0000026679f2d858 is an unknown value
RSI=0x000000000002c056 is an unknown value
RDI=0x00000007c0304428 is pointing into metadata
R8 =0x000000000002c056 is an unknown value
R9 =0x6561642f72656863 is an unknown value
R10=0x000000006f5f4768 is an unknown value
R11=0x00000007c02ae0d8 is pointing into metadata
R12=0x0000000000000040 is an unknown value
R13=0x000002667e01a4b4 is pointing into metadata
R14=0x0000000000000042 is an unknown value
R15=0x0000000000000042 is an unknown value


Stack: [0x000000777ad00000,0x000000777ae00000],  sp=0x000000777adf8878,  free space=994k
Native frames: (J=compiled Java code, j=interpreted, Vv=VM code, C=native code)
V  [jvm.dll+0x108d2e]
C  0x0000000000000002

Java frames: (J=compiled Java code, j=interpreted, Vv=VM code)
j  org.codehaus.groovy.runtime.metaclass.MetaMethodIndex.resize(I)V+12
J 1694 C1 org.codehaus.groovy.runtime.metaclass.MetaMethodIndex.getOrPutMethods(Ljava/lang/String;Lorg/codehaus/groovy/runtime/metaclass/MetaMethodIndex$Header;)Lorg/codehaus/groovy/runtime/metaclass/MetaMethodIndex$Entry; (193 bytes) @ 0x0000026660dc3684 [0x0000026660dc2e40+0x844]
J 1681 C1 groovy.lang.MetaClassImpl.addMetaMethodToIndex(Lgroovy/lang/MetaMethod;Lorg/codehaus/groovy/runtime/metaclass/MetaMethodIndex$Header;)V (65 bytes) @ 0x0000026660dc106c [0x0000026660dc0ee0+0x18c]
j  groovy.lang.MetaClassImpl.populateMethods(Ljava/util/LinkedList;Lorg/codehaus/groovy/reflection/CachedClass;)V+170
j  groovy.lang.MetaClassImpl.fillMethodIndex()V+42
j  groovy.lang.MetaClassImpl.initialize()V+8
j  org.codehaus.groovy.reflection.ClassInfo.getMetaClassUnderLock()Lgroovy/lang/MetaClass;+54
j  org.codehaus.groovy.reflection.ClassInfo.getMetaClass()Lgroovy/lang/MetaClass;+16
j  org.codehaus.groovy.runtime.metaclass.MetaClassRegistryImpl.getMetaClass(Ljava/lang/Class;)Lgroovy/lang/MetaClass;+4
j  org.gradle.api.internal.artifacts.dsl.dependencies.DefaultDependencyHandler_Decorated.getMetaClass()Lgroovy/lang/MetaClass;+16
j  org.gradle.internal.metaobject.BeanDynamicObject.getMetaClass()Lgroovy/lang/MetaClass;+17
j  org.gradle.internal.metaobject.BeanDynamicObject.access$400(Lorg/gradle/internal/metaobject/BeanDynamicObject;)Lgroovy/lang/MetaClass;+1
j  org.gradle.internal.metaobject.BeanDynamicObject$MetaClassAdapter.invokeMethod(Ljava/lang/String;[Ljava/lang/Object;)Lorg/gradle/internal/metaobject/DynamicInvokeResult;+4
j  org.gradle.internal.metaobject.BeanDynamicObject.tryInvokeMethod(Ljava/lang/String;[Ljava/lang/Object;)Lorg/gradle/internal/metaobject/DynamicInvokeResult;+6
j  org.gradle.internal.metaobject.CompositeDynamicObject.tryInvokeMethod(Ljava/lang/String;[Ljava/lang/Object;)Lorg/gradle/internal/metaobject/DynamicInvokeResult;+29
j  org.gradle.internal.metaobject.MixInClosurePropertiesAsMethodsDynamicObject.tryInvokeMethod(Ljava/lang/String;[Ljava/lang/Object;)Lorg/gradle/internal/metaobject/DynamicInvokeResult;+3
j  org.gradle.internal.metaobject.ConfigureDelegate.invokeMethod(Ljava/lang/String;Ljava/lang/Object;)Ljava/lang/Object;+25
j  org.codehaus.groovy.runtime.metaclass.ClosureMetaClass.invokeOnDelegationObjects(ZLjava/lang/Object;ZLjava/lang/Object;Ljava/lang/String;[Ljava/lang/Object;)Ljava/lang/Object;+19
j  org.codehaus.groovy.runtime.metaclass.ClosureMetaClass.invokeMethod(Ljava/lang/Class;Ljava/lang/Object;Ljava/lang/String;[Ljava/lang/Object;ZZ)Ljava/lang/Object;+711
j  groovy.lang.MetaClassImpl.invokeMethod(Ljava/lang/Object;Ljava/lang/String;[Ljava/lang/Object;)Ljava/lang/Object;+10
j  org.codehaus.groovy.runtime.callsite.PogoMetaClassSite.callCurrent(Lgroovy/lang/GroovyObject;[Ljava/lang/Object;)Ljava/lang/Object;+18
j  org.codehaus.groovy.runtime.callsite.CallSiteArray.defaultCallCurrent(Lorg/codehaus/groovy/runtime/callsite/CallSite;Lgroovy/lang/GroovyObject;[Ljava/lang/Object;)Ljava/lang/Object;+17
j  org.codehaus.groovy.runtime.callsite.AbstractCallSite.callCurrent(Lgroovy/lang/GroovyObject;[Ljava/lang/Object;)Ljava/lang/Object;+3
j  org.codehaus.groovy.runtime.callsite.AbstractCallSite.callCurrent(Lgroovy/lang/GroovyObject;Ljava/lang/Object;)Ljava/lang/Object;+33
j  build_5bgfo03cg8d2u74r0ucp86s37$_run_closure1$_closure3.doCall(Ljava/lang/Object;)Ljava/lang/Object;+61
v  ~StubRoutines::call_stub
J 2175  sun.reflect.NativeMethodAccessorImpl.invoke0(Ljava/lang/reflect/Method;Ljava/lang/Object;[Ljava/lang/Object;)Ljava/lang/Object; (0 bytes) @ 0x000002666107213f [0x00000266610720c0+0x7f]
j  sun.reflect.NativeMethodAccessorImpl.invoke(Ljava/lang/Object;[Ljava/lang/Object;)Ljava/lang/Object;+100
J 1140 C1 sun.reflect.DelegatingMethodAccessorImpl.invoke(Ljava/lang/Object;[Ljava/lang/Object;)Ljava/lang/Object; (10 bytes) @ 0x0000026660c1044c [0x0000026660c10340+0x10c]
J 1139 C1 java.lang.reflect.Method.invoke(Ljava/lang/Object;[Ljava/lang/Object;)Ljava/lang/Object; (62 bytes) @ 0x0000026660c0fe74 [0x0000026660c0fa80+0x3f4]
j  org.codehaus.groovy.reflection.CachedMethod.invoke(Ljava/lang/Object;[Ljava/lang/Object;)Ljava/lang/Object;+6
j  groovy.lang.MetaMethod.doMethodInvoke(Ljava/lang/Object;[Ljava/lang/Object;)Ljava/lang/Object;+9
j  org.codehaus.groovy.runtime.metaclass.ClosureMetaClass.invokeMethod(Ljava/lang/Class;Ljava/lang/Object;Ljava/lang/String;[Ljava/lang/Object;ZZ)Ljava/lang/Object;+225
j  groovy.lang.MetaClassImpl.invokeMethod(Ljava/lang/Object;Ljava/lang/String;[Ljava/lang/Object;)Ljava/lang/Object;+10
j  groovy.lang.Closure.call([Ljava/lang/Object;)Ljava/lang/Object;+8
j  groovy.lang.Closure.call(Ljava/lang/Object;)Ljava/lang/Object;+9
j  org.gradle.api.internal.ClosureBackedAction.execute(Ljava/lang/Object;)V+80
j  org.gradle.util.ConfigureUtil.configureTarget(Lgroovy/lang/Closure;Ljava/lang/Object;Lorg/gradle/internal/metaobject/ConfigureDelegate;)V+44
j  org.gradle.util.ConfigureUtil.configure(Lgroovy/lang/Closure;Ljava/lang/Object;)Ljava/lang/Object;+38
j  org.gradle.api.internal.initialization.DefaultScriptHandler.dependencies(Lgroovy/lang/Closure;)V+5
v  ~StubRoutines::call_stub
j  sun.reflect.NativeMethodAccessorImpl.invoke0(Ljava/lang/reflect/Method;Ljava/lang/Object;[Ljava/lang/Object;)Ljava/lang/Object;+0
j  sun.reflect.NativeMethodAccessorImpl.invoke(Ljava/lang/Object;[Ljava/lang/Object;)Ljava/lang/Object;+100
J 1140 C1 sun.reflect.DelegatingMethodAccessorImpl.invoke(Ljava/lang/Object;[Ljava/lang/Object;)Ljava/lang/Object; (10 bytes) @ 0x0000026660c1044c [0x0000026660c10340+0x10c]
J 1139 C1 java.lang.reflect.Method.invoke(Ljava/lang/Object;[Ljava/lang/Object;)Ljava/lang/Object; (62 bytes) @ 0x0000026660c0fe74 [0x0000026660c0fa80+0x3f4]
j  org.codehaus.groovy.reflection.CachedMethod.invoke(Ljava/lang/Object;[Ljava/lang/Object;)Ljava/lang/Object;+6
j  groovy.lang.MetaMethod.doMethodInvoke(Ljava/lang/Object;[Ljava/lang/Object;)Ljava/lang/Object;+9
j  org.gradle.internal.metaobject.BeanDynamicObject$MetaClassAdapter.invokeMethod(Ljava/lang/String;[Ljava/lang/Object;)Lorg/gradle/internal/metaobject/DynamicInvokeResult;+36
j  org.gradle.internal.metaobject.BeanDynamicObject.tryInvokeMethod(Ljava/lang/String;[Ljava/lang/Object;)Lorg/gradle/internal/metaobject/DynamicInvokeResult;+6
j  org.gradle.internal.metaobject.ConfigureDelegate.invokeMethod(Ljava/lang/String;Ljava/lang/Object;)Ljava/lang/Object;+25
j  org.codehaus.groovy.runtime.metaclass.ClosureMetaClass.invokeOnDelegationObjects(ZLjava/lang/Object;ZLjava/lang/Object;Ljava/lang/String;[Ljava/lang/Object;)Ljava/lang/Object;+19
j  org.codehaus.groovy.runtime.metaclass.ClosureMetaClass.invokeMethod(Ljava/lang/Class;Ljava/lang/Object;Ljava/lang/String;[Ljava/lang/Object;ZZ)Ljava/lang/Object;+711
j  groovy.lang.MetaClassImpl.invokeMethod(Ljava/lang/Object;Ljava/lang/String;[Ljava/lang/Object;)Ljava/lang/Object;+10
j  org.codehaus.groovy.runtime.callsite.PogoMetaClassSite.callCurrent(Lgroovy/lang/GroovyObject;[Ljava/lang/Object;)Ljava/lang/Object;+18
j  org.codehaus.groovy.runtime.callsite.CallSiteArray.defaultCallCurrent(Lorg/codehaus/groovy/runtime/callsite/CallSite;Lgroovy/lang/GroovyObject;[Ljava/lang/Object;)Ljava/lang/Object;+17
j  org.codehaus.groovy.runtime.callsite.AbstractCallSite.callCurrent(Lgroovy/lang/GroovyObject;[Ljava/lang/Object;)Ljava/lang/Object;+3
j  org.codehaus.groovy.runtime.callsite.AbstractCallSite.callCurrent(Lgroovy/lang/GroovyObject;Ljava/lang/Object;)Ljava/lang/Object;+33
j  build_5bgfo03cg8d2u74r0ucp86s37$_run_closure1.doCall(Ljava/lang/Object;)Ljava/lang/Object;+44
v  ~StubRoutines::call_stub
j  sun.reflect.NativeMethodAccessorImpl.invoke0(Ljava/lang/reflect/Method;Ljava/lang/Object;[Ljava/lang/Object;)Ljava/lang/Object;+0
j  sun.reflect.NativeMethodAccessorImpl.invoke(Ljava/lang/Object;[Ljava/lang/Object;)Ljava/lang/Object;+100
J 1140 C1 sun.reflect.DelegatingMethodAccessorImpl.invoke(Ljava/lang/Object;[Ljava/lang/Object;)Ljava/lang/Object; (10 bytes) @ 0x0000026660c1044c [0x0000026660c10340+0x10c]
J 1139 C1 java.lang.reflect.Method.invoke(Ljava/lang/Object;[Ljava/lang/Object;)Ljava/lang/Object; (62 bytes) @ 0x0000026660c0fe74 [0x0000026660c0fa80+0x3f4]
j  org.codehaus.groovy.reflection.CachedMethod.invoke(Ljava/lang/Object;[Ljava/lang/Object;)Ljava/lang/Object;+6
j  groovy.lang.MetaMethod.doMethodInvoke(Ljava/lang/Object;[Ljava/lang/Object;)Ljava/lang/Object;+9
j  org.codehaus.groovy.runtime.metaclass.ClosureMetaClass.invokeMethod(Ljava/lang/Class;Ljava/lang/Object;Ljava/lang/String;[Ljava/lang/Object;ZZ)Ljava/lang/Object;+225
j  groovy.lang.MetaClassImpl.invokeMethod(Ljava/lang/Object;Ljava/lang/String;[Ljava/lang/Object;)Ljava/lang/Object;+10
j  groovy.lang.Closure.call([Ljava/lang/Object;)Ljava/lang/Object;+8
j  groovy.lang.Closure.call(Ljava/lang/Object;)Ljava/lang/Object;+9
j  org.gradle.api.internal.ClosureBackedAction.execute(Ljava/lang/Object;)V+80
j  org.gradle.util.ConfigureUtil.configureTarget(Lgroovy/lang/Closure;Ljava/lang/Object;Lorg/gradle/internal/metaobject/ConfigureDelegate;)V+44
j  org.gradle.util.ConfigureUtil.configure(Lgroovy/lang/Closure;Ljava/lang/Object;)Ljava/lang/Object;+38
j  org.gradle.api.internal.project.DefaultProject.buildscript(Lgroovy/lang/Closure;)V+5
j  org.gradle.api.internal.project.ProjectScript.buildscript(Lgroovy/lang/Closure;)V+5
j  org.gradle.api.Script$buildscript.callCurrent(Lgroovy/lang/GroovyObject;[Ljava/lang/Object;)Ljava/lang/Object;+19
j  org.codehaus.groovy.runtime.callsite.CallSiteArray.defaultCallCurrent(Lorg/codehaus/groovy/runtime/callsite/CallSite;Lgroovy/lang/GroovyObject;[Ljava/lang/Object;)Ljava/lang/Object;+17
j  org.codehaus.groovy.runtime.callsite.AbstractCallSite.callCurrent(Lgroovy/lang/GroovyObject;[Ljava/lang/Object;)Ljava/lang/Object;+3
j  org.codehaus.groovy.runtime.callsite.AbstractCallSite.callCurrent(Lgroovy/lang/GroovyObject;Ljava/lang/Object;)Ljava/lang/Object;+33
j  build_5bgfo03cg8d2u74r0ucp86s37.run()Ljava/lang/Object;+18
j  org.gradle.groovy.scripts.internal.DefaultScriptRunnerFactory$ScriptRunnerImpl.run(Ljava/lang/Object;Lorg/gradle/internal/service/ServiceRegistry;)V+57
j  org.gradle.configuration.DefaultScriptPluginFactory$ScriptPluginImpl.apply(Ljava/lang/Object;)V+367
j  org.gradle.configuration.BuildOperationScriptPlugin$1$1.run(Lorg/gradle/internal/operations/BuildOperationContext;)V+17
j  org.gradle.internal.operations.DefaultBuildOperationExecutor$RunnableBuildOperationWorker.execute(Lorg/gradle/internal/operations/RunnableBuildOperation;Lorg/gradle/internal/operations/BuildOperationContext;)V+2
j  org.gradle.internal.operations.DefaultBuildOperationExecutor$RunnableBuildOperationWorker.execute(Lorg/gradle/internal/operations/BuildOperation;Lorg/gradle/internal/operations/BuildOperationContext;)V+6
j  org.gradle.internal.operations.DefaultBuildOperationExecutor.execute(Lorg/gradle/internal/operations/BuildOperation;Lorg/gradle/internal/operations/BuildOperationWorker;Lorg/gradle/internal/operations/DefaultBuildOperationExecutor$BuildOperationState;)V+148
j  org.gradle.internal.operations.DefaultBuildOperationExecutor.run(Lorg/gradle/internal/operations/RunnableBuildOperation;)V+10
j  org.gradle.internal.operations.DelegatingBuildOperationExecutor.run(Lorg/gradle/internal/operations/RunnableBuildOperation;)V+5
j  org.gradle.configuration.BuildOperationScriptPlugin$1.execute(Lorg/gradle/configuration/internal/UserCodeApplicationId;)V+16
j  org.gradle.configuration.BuildOperationScriptPlugin$1.execute(Ljava/lang/Object;)V+5
j  org.gradle.configuration.internal.DefaultUserCodeApplicationContext.apply(Lorg/gradle/api/Action;)V+19
j  org.gradle.configuration.BuildOperationScriptPlugin.apply(Ljava/lang/Object;)V+54
j  org.gradle.configuration.project.BuildScriptProcessor.execute(Lorg/gradle/api/internal/project/ProjectInternal;)V+74
j  org.gradle.configuration.project.BuildScriptProcessor.execute(Ljava/lang/Object;)V+5
j  org.gradle.configuration.project.ConfigureActionsProjectEvaluator.evaluate(Lorg/gradle/api/internal/project/ProjectInternal;Lorg/gradle/api/internal/project/ProjectStateInternal;)V+33
j  org.gradle.configuration.project.LifecycleProjectEvaluator$EvaluateProject.run(Lorg/gradle/internal/operations/BuildOperationContext;)V+67
j  org.gradle.internal.operations.DefaultBuildOperationExecutor$RunnableBuildOperationWorker.execute(Lorg/gradle/internal/operations/RunnableBuildOperation;Lorg/gradle/internal/operations/BuildOperationContext;)V+2
j  org.gradle.internal.operations.DefaultBuildOperationExecutor$RunnableBuildOperationWorker.execute(Lorg/gradle/internal/operations/BuildOperation;Lorg/gradle/internal/operations/BuildOperationContext;)V+6
j  org.gradle.internal.operations.DefaultBuildOperationExecutor.execute(Lorg/gradle/internal/operations/BuildOperation;Lorg/gradle/internal/operations/BuildOperationWorker;Lorg/gradle/internal/operations/DefaultBuildOperationExecutor$BuildOperationState;)V+148
j  org.gradle.internal.operations.DefaultBuildOperationExecutor.run(Lorg/gradle/internal/operations/RunnableBuildOperation;)V+10
j  org.gradle.internal.operations.DelegatingBuildOperationExecutor.run(Lorg/gradle/internal/operations/RunnableBuildOperation;)V+5
j  org.gradle.configuration.project.LifecycleProjectEvaluator.evaluate(Lorg/gradle/api/internal/project/ProjectInternal;Lorg/gradle/api/internal/project/ProjectStateInternal;)V+22
j  org.gradle.api.internal.project.DefaultProject.evaluate()Lorg/gradle/api/internal/project/DefaultProject;+9
j  org.gradle.api.internal.project.DefaultProject.evaluate()Lorg/gradle/api/Project;+1
j  org.gradle.execution.TaskPathProjectEvaluator.configure(Lorg/gradle/api/internal/project/ProjectInternal;)V+21
j  org.gradle.execution.TaskPathProjectEvaluator.configureHierarchy(Lorg/gradle/api/internal/project/ProjectInternal;)V+2
j  org.gradle.configuration.DefaultBuildConfigurer.configure(Lorg/gradle/api/internal/GradleInternal;)V+63
j  org.gradle.initialization.DefaultGradleLauncher$ConfigureBuild.run(Lorg/gradle/internal/operations/BuildOperationContext;)V+40
j  org.gradle.internal.operations.DefaultBuildOperationExecutor$RunnableBuildOperationWorker.execute(Lorg/gradle/internal/operations/RunnableBuildOperation;Lorg/gradle/internal/operations/BuildOperationContext;)V+2
j  org.gradle.internal.operations.DefaultBuildOperationExecutor$RunnableBuildOperationWorker.execute(Lorg/gradle/internal/operations/BuildOperation;Lorg/gradle/internal/operations/BuildOperationContext;)V+6
j  org.gradle.internal.operations.DefaultBuildOperationExecutor.execute(Lorg/gradle/internal/operations/BuildOperation;Lorg/gradle/internal/operations/BuildOperationWorker;Lorg/gradle/internal/operations/DefaultBuildOperationExecutor$BuildOperationState;)V+148
j  org.gradle.internal.operations.DefaultBuildOperationExecutor.run(Lorg/gradle/internal/operations/RunnableBuildOperation;)V+10
j  org.gradle.internal.operations.DelegatingBuildOperationExecutor.run(Lorg/gradle/internal/operations/RunnableBuildOperation;)V+5
j  org.gradle.initialization.DefaultGradleLauncher.configureBuild()V+23
j  org.gradle.initialization.DefaultGradleLauncher.doBuildStages(Lorg/gradle/initialization/DefaultGradleLauncher$Stage;)V+13
j  org.gradle.initialization.DefaultGradleLauncher.executeTasks()Lorg/gradle/api/internal/GradleInternal;+4
j  org.gradle.internal.invocation.GradleBuildController$1.call()Lorg/gradle/api/internal/GradleInternal;+7
j  org.gradle.internal.invocation.GradleBuildController$1.call()Ljava/lang/Object;+1
j  org.gradle.internal.work.DefaultWorkerLeaseService.withLocks(Ljava/lang/Iterable;Ljava/util/concurrent/Callable;)Ljava/lang/Object;+15
j  org.gradle.internal.work.StopShieldingWorkerLeaseService.withLocks(Ljava/lang/Iterable;Ljava/util/concurrent/Callable;)Ljava/lang/Object;+6
j  org.gradle.internal.invocation.GradleBuildController.doBuild(Ljava/util/concurrent/Callable;)Lorg/gradle/api/internal/GradleInternal;+17
j  org.gradle.internal.invocation.GradleBuildController.run()Lorg/gradle/api/internal/GradleInternal;+9
j  org.gradle.tooling.internal.provider.ExecuteBuildActionRunner.run(Lorg/gradle/internal/invocation/BuildAction;Lorg/gradle/internal/invocation/BuildController;)V+8
j  org.gradle.launcher.exec.ChainingBuildActionRunner.run(Lorg/gradle/internal/invocation/BuildAction;Lorg/gradle/internal/invocation/BuildController;)V+34
j  org.gradle.tooling.internal.provider.ValidatingBuildActionRunner.run(Lorg/gradle/internal/invocation/BuildAction;Lorg/gradle/internal/invocation/BuildController;)V+6
j  org.gradle.launcher.exec.RunAsBuildOperationBuildActionRunner$3.run(Lorg/gradle/internal/operations/BuildOperationContext;)V+69
j  org.gradle.internal.operations.DefaultBuildOperationExecutor$RunnableBuildOperationWorker.execute(Lorg/gradle/internal/operations/RunnableBuildOperation;Lorg/gradle/internal/operations/BuildOperationContext;)V+2
j  org.gradle.internal.operations.DefaultBuildOperationExecutor$RunnableBuildOperationWorker.execute(Lorg/gradle/internal/operations/BuildOperation;Lorg/gradle/internal/operations/BuildOperationContext;)V+6
j  org.gradle.internal.operations.DefaultBuildOperationExecutor.execute(Lorg/gradle/internal/operations/BuildOperation;Lorg/gradle/internal/operations/BuildOperationWorker;Lorg/gradle/internal/operations/DefaultBuildOperationExecutor$BuildOperationState;)V+148
j  org.gradle.internal.operations.DefaultBuildOperationExecutor.run(Lorg/gradle/internal/operations/RunnableBuildOperation;)V+10
j  org.gradle.internal.operations.DelegatingBuildOperationExecutor.run(Lorg/gradle/internal/operations/RunnableBuildOperation;)V+5
j  org.gradle.launcher.exec.RunAsBuildOperationBuildActionRunner.run(Lorg/gradle/internal/invocation/BuildAction;Lorg/gradle/internal/invocation/BuildController;)V+34
j  org.gradle.tooling.internal.provider.SubscribableBuildActionRunner.run(Lorg/gradle/internal/invocation/BuildAction;Lorg/gradle/internal/invocation/BuildController;)V+40
j  org.gradle.launcher.exec.InProcessBuildActionExecuter$1.transform(Lorg/gradle/internal/invocation/BuildController;)Ljava/lang/Object;+12
j  org.gradle.launcher.exec.InProcessBuildActionExecuter$1.transform(Ljava/lang/Object;)Ljava/lang/Object;+5
j  org.gradle.composite.internal.DefaultRootBuildState.run(Lorg/gradle/api/Transformer;)Ljava/lang/Object;+36
j  org.gradle.launcher.exec.InProcessBuildActionExecuter.execute(Lorg/gradle/internal/invocation/BuildAction;Lorg/gradle/initialization/BuildRequestContext;Lorg/gradle/launcher/exec/BuildActionParameters;Lorg/gradle/internal/service/ServiceRegistry;)Ljava/lang/Object;+68
j  org.gradle.launcher.exec.InProcessBuildActionExecuter.execute(Lorg/gradle/internal/invocation/BuildAction;Lorg/gradle/initialization/BuildRequestContext;Ljava/lang/Object;Lorg/gradle/internal/service/ServiceRegistry;)Ljava/lang/Object;+9
j  org.gradle.launcher.exec.BuildTreeScopeBuildActionExecuter.execute(Lorg/gradle/internal/invocation/BuildAction;Lorg/gradle/initialization/BuildRequestContext;Lorg/gradle/launcher/exec/BuildActionParameters;Lorg/gradle/internal/service/ServiceRegistry;)Ljava/lang/Object;+38
j  org.gradle.launcher.exec.BuildTreeScopeBuildActionExecuter.execute(Lorg/gradle/internal/invocation/BuildAction;Lorg/gradle/initialization/BuildRequestContext;Ljava/lang/Object;Lorg/gradle/internal/service/ServiceRegistry;)Ljava/lang/Object;+9
j  org.gradle.tooling.internal.provider.ContinuousBuildActionExecuter.execute(Lorg/gradle/internal/invocation/BuildAction;Lorg/gradle/initialization/BuildRequestContext;Lorg/gradle/launcher/exec/BuildActionParameters;Lorg/gradle/internal/service/ServiceRegistry;)Ljava/lang/Object;+63
j  org.gradle.tooling.internal.provider.ContinuousBuildActionExecuter.execute(Lorg/gradle/internal/invocation/BuildAction;Lorg/gradle/initialization/BuildRequestContext;Ljava/lang/Object;Lorg/gradle/internal/service/ServiceRegistry;)Ljava/lang/Object;+9
j  org.gradle.tooling.internal.provider.ServicesSetupBuildActionExecuter.execute(Lorg/gradle/internal/invocation/BuildAction;Lorg/gradle/initialization/BuildRequestContext;Lorg/gradle/launcher/exec/BuildActionParameters;Lorg/gradle/internal/service/ServiceRegistry;)Ljava/lang/Object;+107
j  org.gradle.tooling.internal.provider.ServicesSetupBuildActionExecuter.execute(Lorg/gradle/internal/invocation/BuildAction;Lorg/gradle/initialization/BuildRequestContext;Ljava/lang/Object;Lorg/gradle/internal/service/ServiceRegistry;)Ljava/lang/Object;+9
j  org.gradle.tooling.internal.provider.GradleThreadBuildActionExecuter.execute(Lorg/gradle/internal/invocation/BuildAction;Lorg/gradle/initialization/BuildRequestContext;Lorg/gradle/launcher/exec/BuildActionParameters;Lorg/gradle/internal/service/ServiceRegistry;)Ljava/lang/Object;+12
j  org.gradle.tooling.internal.provider.GradleThreadBuildActionExecuter.execute(Lorg/gradle/internal/invocation/BuildAction;Lorg/gradle/initialization/BuildRequestContext;Ljava/lang/Object;Lorg/gradle/internal/service/ServiceRegistry;)Ljava/lang/Object;+9
j  org.gradle.tooling.internal.provider.ParallelismConfigurationBuildActionExecuter.execute(Lorg/gradle/internal/invocation/BuildAction;Lorg/gradle/initialization/BuildRequestContext;Lorg/gradle/launcher/exec/BuildActionParameters;Lorg/gradle/internal/service/ServiceRegistry;)Ljava/lang/Object;+43
j  org.gradle.tooling.internal.provider.ParallelismConfigurationBuildActionExecuter.execute(Lorg/gradle/internal/invocation/BuildAction;Lorg/gradle/initialization/BuildRequestContext;Ljava/lang/Object;Lorg/gradle/internal/service/ServiceRegistry;)Ljava/lang/Object;+9
j  org.gradle.tooling.internal.provider.StartParamsValidatingActionExecuter.execute(Lorg/gradle/internal/invocation/BuildAction;Lorg/gradle/initialization/BuildRequestContext;Lorg/gradle/launcher/exec/BuildActionParameters;Lorg/gradle/internal/service/ServiceRegistry;)Ljava/lang/Object;+177
j  org.gradle.tooling.internal.provider.StartParamsValidatingActionExecuter.execute(Lorg/gradle/internal/invocation/BuildAction;Lorg/gradle/initialization/BuildRequestContext;Ljava/lang/Object;Lorg/gradle/internal/service/ServiceRegistry;)Ljava/lang/Object;+9
j  org.gradle.tooling.internal.provider.SessionFailureReportingActionExecuter.execute(Lorg/gradle/internal/invocation/BuildAction;Lorg/gradle/initialization/BuildRequestContext;Lorg/gradle/launcher/exec/BuildActionParameters;Lorg/gradle/internal/service/ServiceRegistry;)Ljava/lang/Object;+9
j  org.gradle.tooling.internal.provider.SessionFailureReportingActionExecuter.execute(Lorg/gradle/internal/invocation/BuildAction;Lorg/gradle/initialization/BuildRequestContext;Ljava/lang/Object;Lorg/gradle/internal/service/ServiceRegistry;)Ljava/lang/Object;+9
j  org.gradle.tooling.internal.provider.SetupLoggingActionExecuter.execute(Lorg/gradle/internal/invocation/BuildAction;Lorg/gradle/initialization/BuildRequestContext;Lorg/gradle/launcher/exec/BuildActionParameters;Lorg/gradle/internal/service/ServiceRegistry;)Ljava/lang/Object;+52
j  org.gradle.tooling.internal.provider.SetupLoggingActionExecuter.execute(Lorg/gradle/internal/invocation/BuildAction;Lorg/gradle/initialization/BuildRequestContext;Ljava/lang/Object;Lorg/gradle/internal/service/ServiceRegistry;)Ljava/lang/Object;+9
j  org.gradle.launcher.daemon.server.exec.ExecuteBuild.doBuild(Lorg/gradle/launcher/daemon/server/api/DaemonCommandExecution;Lorg/gradle/launcher/daemon/protocol/Build;)V+114
j  org.gradle.launcher.daemon.server.exec.BuildCommandOnly.execute(Lorg/gradle/launcher/daemon/server/api/DaemonCommandExecution;)V+49
j  org.gradle.launcher.daemon.server.api.DaemonCommandExecution.proceed()Z+28
j  org.gradle.launcher.daemon.server.exec.WatchForDisconnection.execute(Lorg/gradle/launcher/daemon/server/api/DaemonCommandExecution;)V+19
j  org.gradle.launcher.daemon.server.api.DaemonCommandExecution.proceed()Z+28
j  org.gradle.launcher.daemon.server.exec.ResetDeprecationLogger.execute(Lorg/gradle/launcher/daemon/server/api/DaemonCommandExecution;)V+4
j  org.gradle.launcher.daemon.server.api.DaemonCommandExecution.proceed()Z+28
j  org.gradle.launcher.daemon.server.exec.RequestStopIfSingleUsedDaemon.execute(Lorg/gradle/launcher/daemon/server/api/DaemonCommandExecution;)V+33
j  org.gradle.launcher.daemon.server.api.DaemonCommandExecution.proceed()Z+28
j  org.gradle.launcher.daemon.server.exec.ForwardClientInput$2.call()Ljava/lang/Void;+4
j  org.gradle.launcher.daemon.server.exec.ForwardClientInput$2.call()Ljava/lang/Object;+1
j  org.gradle.util.Swapper.swap(Ljava/lang/Object;Ljava/util/concurrent/Callable;)Ljava/lang/Object;+21
j  org.gradle.launcher.daemon.server.exec.ForwardClientInput.execute(Lorg/gradle/launcher/daemon/server/api/DaemonCommandExecution;)V+63
j  org.gradle.launcher.daemon.server.api.DaemonCommandExecution.proceed()Z+28
j  org.gradle.launcher.daemon.server.exec.LogAndCheckHealth.execute(Lorg/gradle/launcher/daemon/server/api/DaemonCommandExecution;)V+8
j  org.gradle.launcher.daemon.server.api.DaemonCommandExecution.proceed()Z+28
j  org.gradle.launcher.daemon.server.exec.LogToClient.doBuild(Lorg/gradle/launcher/daemon/server/api/DaemonCommandExecution;Lorg/gradle/launcher/daemon/protocol/Build;)V+87
j  org.gradle.launcher.daemon.server.exec.BuildCommandOnly.execute(Lorg/gradle/launcher/daemon/server/api/DaemonCommandExecution;)V+49
j  org.gradle.launcher.daemon.server.api.DaemonCommandExecution.proceed()Z+28
j  org.gradle.launcher.daemon.server.exec.EstablishBuildEnvironment.doBuild(Lorg/gradle/launcher/daemon/server/api/DaemonCommandExecution;Lorg/gradle/launcher/daemon/protocol/Build;)V+365
j  org.gradle.launcher.daemon.server.exec.BuildCommandOnly.execute(Lorg/gradle/launcher/daemon/server/api/DaemonCommandExecution;)V+49
j  org.gradle.launcher.daemon.server.api.DaemonCommandExecution.proceed()Z+28
j  org.gradle.launcher.daemon.server.exec.StartBuildOrRespondWithBusy$1.run()V+44
j  org.gradle.launcher.daemon.server.DaemonStateCoordinator$1.run()V+4
j  org.gradle.internal.concurrent.ExecutorPolicy$CatchAndRecordFailures.onExecute(Ljava/lang/Runnable;)V+1
j  org.gradle.internal.concurrent.ManagedExecutorImpl$1.run()V+25
j  java.util.concurrent.ThreadPoolExecutor.runWorker(Ljava/util/concurrent/ThreadPoolExecutor$Worker;)V+95
j  java.util.concurrent.ThreadPoolExecutor$Worker.run()V+5
j  org.gradle.internal.concurrent.ThreadFactoryImpl$ManagedThreadRunnable.run()V+7
j  java.lang.Thread.run()V+11
v  ~StubRoutines::call_stub

---------------  P R O C E S S  ---------------

Java Threads: ( => current thread )
  0x000002667a066800 JavaThread "Cache worker for Artifact transforms cache (C:\Users\Shaan97\.gradle\caches\transforms-1)" [_thread_blocked, id=10040, stack(0x000000777b600000,0x000000777b700000)]
  0x000002667a062800 JavaThread "Cache worker for cache directory md-rule (C:\Users\Shaan97\.gradle\caches\4.10.3\md-rule)" [_thread_blocked, id=7980, stack(0x000000777b500000,0x000000777b600000)]
  0x000002667a064000 JavaThread "Cache worker for cache directory md-supplier (C:\Users\Shaan97\.gradle\caches\4.10.3\md-supplier)" [_thread_blocked, id=1516, stack(0x000000777b400000,0x000000777b500000)]
  0x000002667a065800 JavaThread "Cache worker for journal cache (C:\Users\Shaan97\.gradle\caches\journal-1)" [_thread_blocked, id=12412, stack(0x000000777b300000,0x000000777b400000)]
  0x000002667a062000 JavaThread "Cache worker for file hash cache (C:\Users\Shaan97\Desktop\Minecraft Modding\RubyItemsMod\.gradle\4.10.3\fileHashes)" [_thread_blocked, id=11000, stack(0x000000777b200000,0x000000777b300000)]
  0x000002667a065000 JavaThread "File lock request listener" [_thread_in_native, id=3960, stack(0x000000777b100000,0x000000777b200000)]
  0x000002667a063800 JavaThread "Cache worker for file hash cache (C:\Users\Shaan97\.gradle\caches\4.10.3\fileHashes)" [_thread_blocked, id=14608, stack(0x000000777b000000,0x000000777b100000)]
  0x0000026679f30800 JavaThread "Stdin handler" [_thread_blocked, id=6428, stack(0x000000777af00000,0x000000777b000000)]
  0x0000026679f2f800 JavaThread "Asynchronous log dispatcher for DefaultDaemonConnection: socket connection from /127.0.0.1:64864 to /127.0.0.1:64865" [_thread_blocked, id=1764, stack(0x000000777ae00000,0x000000777af00000)]
=>0x0000026679f2d800 JavaThread "Daemon worker" [_thread_in_vm, id=6204, stack(0x000000777ad00000,0x000000777ae00000)]
  0x0000026679f76800 JavaThread "Cancel handler" [_thread_blocked, id=5100, stack(0x000000777ac00000,0x000000777ad00000)]
  0x0000026679f74800 JavaThread "Handler for socket connection from /127.0.0.1:64864 to /127.0.0.1:64865" [_thread_in_native, id=1888, stack(0x000000777ab00000,0x000000777ac00000)]
  0x0000026679f73800 JavaThread "Daemon" [_thread_blocked, id=3508, stack(0x000000777aa00000,0x000000777ab00000)]
  0x0000026679f66000 JavaThread "Daemon periodic checks" [_thread_blocked, id=11096, stack(0x000000777a900000,0x000000777aa00000)]
  0x0000026679ed8800 JavaThread "Incoming local TCP Connector on port 64864" [_thread_in_native, id=10508, stack(0x000000777a800000,0x000000777a900000)]
  0x0000026679e8d800 JavaThread "Daemon health stats" [_thread_blocked, id=10784, stack(0x000000777a700000,0x000000777a800000)]
  0x0000026677ca9800 JavaThread "Service Thread" daemon [_thread_blocked, id=9808, stack(0x000000777a500000,0x000000777a600000)]
  0x0000026677c26000 JavaThread "C1 CompilerThread2" daemon [_thread_blocked, id=1264, stack(0x000000777a400000,0x000000777a500000)]
  0x0000026677c10800 JavaThread "C2 CompilerThread1" daemon [_thread_in_vm, id=9576, stack(0x000000777a300000,0x000000777a400000)]
  0x0000026677c0e800 JavaThread "C2 CompilerThread0" daemon [_thread_in_vm, id=11332, stack(0x000000777a200000,0x000000777a300000)]
  0x0000026677c0c800 JavaThread "Attach Listener" daemon [_thread_blocked, id=10020, stack(0x000000777a100000,0x000000777a200000)]
  0x0000026677c1c000 JavaThread "Signal Dispatcher" daemon [_thread_blocked, id=14140, stack(0x000000777a000000,0x000000777a100000)]
  0x00000266774cc000 JavaThread "Finalizer" daemon [_thread_blocked, id=10836, stack(0x0000007779f00000,0x000000777a000000)]
  0x0000026677bf6000 JavaThread "Reference Handler" daemon [_thread_blocked, id=8104, stack(0x0000007779e00000,0x0000007779f00000)]
  0x000002665eebe800 JavaThread "main" [_thread_blocked, id=14804, stack(0x0000007779800000,0x0000007779900000)]

Other Threads:
  0x0000026677bd3000 VMThread [stack: 0x0000007779d00000,0x0000007779e00000] [id=13240]
  0x0000026677cbb000 WatcherThread [stack: 0x000000777a600000,0x000000777a700000] [id=4600]

VM state:not at safepoint (normal execution)

VM Mutex/Monitor currently owned by a thread: None

heap address: 0x0000000700000000, size: 3072 MB, Compressed Oops mode: Zero based, Oop shift amount: 3
Narrow klass base: 0x0000000000000000, Narrow klass shift: 3
Compressed class space size: 1073741824 Address: 0x00000007c0000000

Heap:
 PSYoungGen      total 108544K, used 36313K [0x0000000780000000, 0x0000000789180000, 0x00000007c0000000)
  eden space 101376K, 29% used [0x0000000780000000,0x0000000781cba700,0x0000000786300000)
  from space 7168K, 96% used [0x0000000788a80000,0x000000078913be30,0x0000000789180000)
  to   space 10752K, 0% used [0x0000000787c80000,0x0000000787c80000,0x0000000788700000)
 ParOldGen       total 107520K, used 9231K [0x0000000700000000, 0x0000000706900000, 0x0000000780000000)
  object space 107520K, 8% used [0x0000000700000000,0x0000000700903cb8,0x0000000706900000)
 Metaspace       used 28071K, capacity 28522K, committed 28848K, reserved 1073152K
  class space    used 3974K, capacity 4161K, committed 4272K, reserved 1048576K

Card table byte_map: [0x000002666fbc0000,0x00000266701d0000] byte_map_base: 0x000002666c3c0000

Marking Bits: (ParMarkBitMap*) 0x000000006f814fb0
 Begin Bits: [0x00000266705d0000, 0x00000266735d0000)
 End Bits:   [0x00000266735d0000, 0x00000266765d0000)

Polling page: 0x000002665efd0000

CodeCache: size=245760Kb used=8965Kb max_used=8976Kb free=236794Kb
 bounds [0x0000026660800000, 0x00000266610d0000, 0x000002666f800000]
 total_blobs=2874 nmethods=2215 adapters=572
 compilation: enabled

Compilation events (10 events):
Event: 3.866 Thread 0x0000026677c10800 nmethod 2211 0x00000266610be990 code [0x00000266610beae0, 0x00000266610bed88]
Event: 3.866 Thread 0x0000026677c10800 2213       4       org.objectweb.asm.Frame::execute (2318 bytes)
Event: 3.866 Thread 0x0000026677c26000 2215       3       org.objectweb.asm.Frame::setLocal (65 bytes)
Event: 3.867 Thread 0x0000026677c26000 nmethod 2215 0x00000266610c6dd0 code [0x00000266610c6f60, 0x00000266610c7450]
Event: 3.867 Thread 0x0000026677c0e800 nmethod 2210 0x00000266610c6710 code [0x00000266610c6860, 0x00000266610c6b38]
Event: 3.868 Thread 0x0000026677c26000 2216       1       com.google.common.collect.MapMakerInternalMap$StrongEntry::getHash (5 bytes)
Event: 3.868 Thread 0x0000026677c26000 nmethod 2216 0x00000266610be6d0 code [0x00000266610be820, 0x00000266610be938]
Event: 3.868 Thread 0x0000026677c26000 2217       1       com.google.common.collect.MapMakerInternalMap$StrongEntry::getNext (5 bytes)
Event: 3.868 Thread 0x0000026677c26000 nmethod 2217 0x00000266610b5750 code [0x00000266610b58a0, 0x00000266610b59b8]
Event: 3.868 Thread 0x0000026677c0e800 2218       4       org.codehaus.groovy.util.LazyReference::get (44 bytes)

GC Heap History (10 events):
Event: 0.956 GC heap before
{Heap before GC invocations=1 (full 0):
 PSYoungGen      total 76288K, used 65536K [0x0000000780000000, 0x0000000785500000, 0x00000007c0000000)
  eden space 65536K, 100% used [0x0000000780000000,0x0000000784000000,0x0000000784000000)
  from space 10752K, 0% used [0x0000000784a80000,0x0000000784a80000,0x0000000785500000)
  to   space 10752K, 0% used [0x0000000784000000,0x0000000784000000,0x0000000784a80000)
 ParOldGen       total 175104K, used 0K [0x0000000700000000, 0x000000070ab00000, 0x0000000780000000)
  object space 175104K, 0% used [0x0000000700000000,0x0000000700000000,0x000000070ab00000)
 Metaspace       used 9067K, capacity 9362K, committed 9600K, reserved 1056768K
  class space    used 1228K, capacity 1357K, committed 1408K, reserved 1048576K
Event: 0.961 GC heap after
Heap after GC invocations=1 (full 0):
 PSYoungGen      total 76288K, used 6819K [0x0000000780000000, 0x0000000785500000, 0x00000007c0000000)
  eden space 65536K, 0% used [0x0000000780000000,0x0000000780000000,0x0000000784000000)
  from space 10752K, 63% used [0x0000000784000000,0x00000007846a8d58,0x0000000784a80000)
  to   space 10752K, 0% used [0x0000000784a80000,0x0000000784a80000,0x0000000785500000)
 ParOldGen       total 175104K, used 16K [0x0000000700000000, 0x000000070ab00000, 0x0000000780000000)
  object space 175104K, 0% used [0x0000000700000000,0x0000000700004000,0x000000070ab00000)
 Metaspace       used 9067K, capacity 9362K, committed 9600K, reserved 1056768K
  class space    used 1228K, capacity 1357K, committed 1408K, reserved 1048576K
}
Event: 2.638 GC heap before
{Heap before GC invocations=2 (full 0):
 PSYoungGen      total 76288K, used 72355K [0x0000000780000000, 0x0000000785500000, 0x00000007c0000000)
  eden space 65536K, 100% used [0x0000000780000000,0x0000000784000000,0x0000000784000000)
  from space 10752K, 63% used [0x0000000784000000,0x00000007846a8d58,0x0000000784a80000)
  to   space 10752K, 0% used [0x0000000784a80000,0x0000000784a80000,0x0000000785500000)
 ParOldGen       total 175104K, used 16K [0x0000000700000000, 0x000000070ab00000, 0x0000000780000000)
  object space 175104K, 0% used [0x0000000700000000,0x0000000700004000,0x000000070ab00000)
 Metaspace       used 16010K, capacity 16264K, committed 16384K, reserved 1062912K
  class space    used 2347K, capacity 2512K, committed 2560K, reserved 1048576K
Event: 2.650 GC heap after
Heap after GC invocations=2 (full 0):
 PSYoungGen      total 76288K, used 10667K [0x0000000780000000, 0x0000000785500000, 0x00000007c0000000)
  eden space 65536K, 0% used [0x0000000780000000,0x0000000780000000,0x0000000784000000)
  from space 10752K, 99% used [0x0000000784a80000,0x00000007854ead70,0x0000000785500000)
  to   space 10752K, 0% used [0x0000000784000000,0x0000000784000000,0x0000000784a80000)
 ParOldGen       total 175104K, used 24K [0x0000000700000000, 0x000000070ab00000, 0x0000000780000000)
  object space 175104K, 0% used [0x0000000700000000,0x0000000700006000,0x000000070ab00000)
 Metaspace       used 16010K, capacity 16264K, committed 16384K, reserved 1062912K
  class space    used 2347K, capacity 2512K, committed 2560K, reserved 1048576K
}
Event: 3.003 GC heap before
{Heap before GC invocations=3 (full 0):
 PSYoungGen      total 76288K, used 42074K [0x0000000780000000, 0x0000000785500000, 0x00000007c0000000)
  eden space 65536K, 47% used [0x0000000780000000,0x0000000781eabb48,0x0000000784000000)
  from space 10752K, 99% used [0x0000000784a80000,0x00000007854ead70,0x0000000785500000)
  to   space 10752K, 0% used [0x0000000784000000,0x0000000784000000,0x0000000784a80000)
 ParOldGen       total 175104K, used 24K [0x0000000700000000, 0x000000070ab00000, 0x0000000780000000)
  object space 175104K, 0% used [0x0000000700000000,0x0000000700006000,0x000000070ab00000)
 Metaspace       used 20842K, capacity 21134K, committed 21296K, reserved 1067008K
  class space    used 2983K, capacity 3089K, committed 3120K, reserved 1048576K
Event: 3.010 GC heap after
Heap after GC invocations=3 (full 0):
 PSYoungGen      total 76288K, used 9462K [0x0000000780000000, 0x0000000789500000, 0x00000007c0000000)
  eden space 65536K, 0% used [0x0000000780000000,0x0000000780000000,0x0000000784000000)
  from space 10752K, 88% used [0x0000000784000000,0x000000078493da00,0x0000000784a80000)
  to   space 10752K, 0% used [0x0000000788a80000,0x0000000788a80000,0x0000000789500000)
 ParOldGen       total 175104K, used 32K [0x0000000700000000, 0x000000070ab00000, 0x0000000780000000)
  object space 175104K, 0% used [0x0000000700000000,0x0000000700008000,0x000000070ab00000)
 Metaspace       used 20842K, capacity 21134K, committed 21296K, reserved 1067008K
  class space    used 2983K, capacity 3089K, committed 3120K, reserved 1048576K
}
Event: 3.010 GC heap before
{Heap before GC invocations=4 (full 1):
 PSYoungGen      total 76288K, used 9462K [0x0000000780000000, 0x0000000789500000, 0x00000007c0000000)
  eden space 65536K, 0% used [0x0000000780000000,0x0000000780000000,0x0000000784000000)
  from space 10752K, 88% used [0x0000000784000000,0x000000078493da00,0x0000000784a80000)
  to   space 10752K, 0% used [0x0000000788a80000,0x0000000788a80000,0x0000000789500000)
 ParOldGen       total 175104K, used 32K [0x0000000700000000, 0x000000070ab00000, 0x0000000780000000)
  object space 175104K, 0% used [0x0000000700000000,0x0000000700008000,0x000000070ab00000)
 Metaspace       used 20842K, capacity 21134K, committed 21296K, reserved 1067008K
  class space    used 2983K, capacity 3089K, committed 3120K, reserved 1048576K
Event: 3.040 GC heap after
Heap after GC invocations=4 (full 1):
 PSYoungGen      total 76288K, used 0K [0x0000000780000000, 0x0000000789500000, 0x00000007c0000000)
  eden space 65536K, 0% used [0x0000000780000000,0x0000000780000000,0x0000000784000000)
  from space 10752K, 0% used [0x0000000784000000,0x0000000784000000,0x0000000784a80000)
  to   space 10752K, 0% used [0x0000000788a80000,0x0000000788a80000,0x0000000789500000)
 ParOldGen       total 107520K, used 9231K [0x0000000700000000, 0x0000000706900000, 0x0000000780000000)
  object space 107520K, 8% used [0x0000000700000000,0x0000000700903cb8,0x0000000706900000)
 Metaspace       used 20842K, capacity 21134K, committed 21296K, reserved 1067008K
  class space    used 2983K, capacity 3089K, committed 3120K, reserved 1048576K
}
Event: 3.628 GC heap before
{Heap before GC invocations=5 (full 1):
 PSYoungGen      total 76288K, used 65536K [0x0000000780000000, 0x0000000789500000, 0x00000007c0000000)
  eden space 65536K, 100% used [0x0000000780000000,0x0000000784000000,0x0000000784000000)
  from space 10752K, 0% used [0x0000000784000000,0x0000000784000000,0x0000000784a80000)
  to   space 10752K, 0% used [0x0000000788a80000,0x0000000788a80000,0x0000000789500000)
 ParOldGen       total 107520K, used 9231K [0x0000000700000000, 0x0000000706900000, 0x0000000780000000)
  object space 107520K, 8% used [0x0000000700000000,0x0000000700903cb8,0x0000000706900000)
 Metaspace       used 26725K, capacity 27076K, committed 27184K, reserved 1073152K
  class space    used 3737K, capacity 3872K, committed 3888K, reserved 1048576K
Event: 3.637 GC heap after
Heap after GC invocations=5 (full 1):
 PSYoungGen      total 108544K, used 6895K [0x0000000780000000, 0x0000000789180000, 0x00000007c0000000)
  eden space 101376K, 0% used [0x0000000780000000,0x0000000780000000,0x0000000786300000)
  from space 7168K, 96% used [0x0000000788a80000,0x000000078913be30,0x0000000789180000)
  to   space 10752K, 0% used [0x0000000787c80000,0x0000000787c80000,0x0000000788700000)
 ParOldGen       total 107520K, used 9231K [0x0000000700000000, 0x0000000706900000, 0x0000000780000000)
  object space 107520K, 8% used [0x0000000700000000,0x0000000700903cb8,0x0000000706900000)
 Metaspace       used 26725K, capacity 27076K, committed 27184K, reserved 1073152K
  class space    used 3737K, capacity 3872K, committed 3888K, reserved 1048576K
}

Deoptimization events (10 events):
Event: 3.384 Thread 0x0000026679f2d800 Uncommon trap: reason=class_check action=maybe_recompile pc=0x0000026660da4abc method=sun.misc.URLClassPath.getLoader(I)Lsun/misc/URLClassPath$Loader; @ 94
Event: 3.384 Thread 0x0000026679f2d800 Uncommon trap: reason=class_check action=maybe_recompile pc=0x0000026660d04dc0 method=sun.misc.URLClassPath.getResource(Ljava/lang/String;Z)Lsun/misc/Resource; @ 62
Event: 3.384 Thread 0x0000026679f2d800 Uncommon trap: reason=unstable_if action=reinterpret pc=0x0000026660c8864c method=java.lang.String.regionMatches(ZILjava/lang/String;II)Z @ 41
Event: 3.387 Thread 0x0000026679f2d800 Uncommon trap: reason=unstable_if action=reinterpret pc=0x0000026660c7e1c0 method=java.lang.ClassLoader.getClassLoadingLock(Ljava/lang/String;)Ljava/lang/Object; @ 6
Event: 3.397 Thread 0x0000026679f2d800 Uncommon trap: reason=class_check action=maybe_recompile pc=0x0000026660da4bec method=sun.misc.URLClassPath.getLoader(I)Lsun/misc/URLClassPath$Loader; @ 239
Event: 3.404 Thread 0x0000026679f2d800 Uncommon trap: reason=class_check action=maybe_recompile pc=0x0000026660da4bec method=sun.misc.URLClassPath.getLoader(I)Lsun/misc/URLClassPath$Loader; @ 239
Event: 3.412 Thread 0x0000026679f2d800 Uncommon trap: reason=class_check action=maybe_recompile pc=0x0000026660da4bec method=sun.misc.URLClassPath.getLoader(I)Lsun/misc/URLClassPath$Loader; @ 239
Event: 3.499 Thread 0x0000026679f2d800 Uncommon trap: reason=class_check action=maybe_recompile pc=0x0000026660d9a0b4 method=sun.misc.URLClassPath.getLoader(I)Lsun/misc/URLClassPath$Loader; @ 239
Event: 3.637 Thread 0x0000026677bf6000 Uncommon trap: reason=unstable_if action=reinterpret pc=0x0000026660cf4fec method=java.lang.ref.Reference.tryHandlePending(Z)Z @ 104
Event: 3.645 Thread 0x0000026679f2d800 Uncommon trap: reason=unstable_if action=reinterpret pc=0x0000026660c5b110 method=java.util.WeakHashMap.expungeStaleEntries()V @ 66

Classes redefined (0 events):
No events

Internal exceptions (10 events):
Event: 3.639 Thread 0x0000026679f2d800 Exception <a 'java/lang/ClassNotFoundException': org/gradle/api/internal/artifacts/repositories/DefaultMavenArtifactRepository_DecoratedBeanInfo> (0x0000000780054b78) thrown at [C:\jenkins\workspace\8-2-build-windows-amd64-cygwin\jdk8u261\295\hotspot\src\
Event: 3.639 Thread 0x0000026679f2d800 Exception <a 'java/lang/ClassNotFoundException': org/gradle/api/internal/artifacts/repositories/DefaultMavenArtifactRepositoryBeanInfo> (0x00000007800a9538) thrown at [C:\jenkins\workspace\8-2-build-windows-amd64-cygwin\jdk8u261\295\hotspot\src\share\vm\c
Event: 3.640 Thread 0x0000026679f2d800 Exception <a 'java/lang/ClassNotFoundException': org/gradle/api/internal/artifacts/repositories/AbstractAuthenticationSupportedRepositoryBeanInfo> (0x0000000780105860) thrown at [C:\jenkins\workspace\8-2-build-windows-amd64-cygwin\jdk8u261\295\hotspot\src
Event: 3.640 Thread 0x0000026679f2d800 Exception <a 'java/lang/ClassNotFoundException': org/gradle/api/internal/artifacts/repositories/AbstractResolutionAwareArtifactRepositoryBeanInfo> (0x0000000780161de0) thrown at [C:\jenkins\workspace\8-2-build-windows-amd64-cygwin\jdk8u261\295\hotspot\src
Event: 3.641 Thread 0x0000026679f2d800 Exception <a 'java/lang/ClassNotFoundException': org/gradle/api/internal/artifacts/repositories/AbstractArtifactRepositoryBeanInfo> (0x00000007801b2d00) thrown at [C:\jenkins\workspace\8-2-build-windows-amd64-cygwin\jdk8u261\295\hotspot\src\share\vm\class
Event: 3.642 Thread 0x0000026679f2d800 Exception <a 'java/lang/ClassNotFoundException': org/gradle/api/internal/artifacts/repositories/AbstractArtifactRepositoryCustomizer> (0x00000007802069b8) thrown at [C:\jenkins\workspace\8-2-build-windows-amd64-cygwin\jdk8u261\295\hotspot\src\share\vm\cla
Event: 3.644 Thread 0x0000026679f2d800 Exception <a 'java/lang/ClassNotFoundException': org/gradle/api/internal/artifacts/repositories/AbstractResolutionAwareArtifactRepositoryCustomizer> (0x00000007802842e0) thrown at [C:\jenkins\workspace\8-2-build-windows-amd64-cygwin\jdk8u261\295\hotspot\s
Event: 3.645 Thread 0x0000026679f2d800 Exception <a 'java/lang/ClassNotFoundException': org/gradle/api/internal/artifacts/repositories/AbstractAuthenticationSupportedRepositoryCustomizer> (0x0000000780354ea8) thrown at [C:\jenkins\workspace\8-2-build-windows-amd64-cygwin\jdk8u261\295\hotspot\s
Event: 3.647 Thread 0x0000026679f2d800 Exception <a 'java/lang/ClassNotFoundException': org/gradle/api/internal/artifacts/repositories/DefaultMavenArtifactRepositoryCustomizer> (0x00000007803bf040) thrown at [C:\jenkins\workspace\8-2-build-windows-amd64-cygwin\jdk8u261\295\hotspot\src\share\vm
Event: 3.649 Thread 0x0000026679f2d800 Exception <a 'java/lang/ClassNotFoundException': org/gradle/api/internal/artifacts/repositories/DefaultMavenArtifactRepository_DecoratedCustomizer> (0x0000000780432728) thrown at [C:\jenkins\workspace\8-2-build-windows-amd64-cygwin\jdk8u261\295\hotspot\sr

Events (10 events):
Event: 3.865 loading class org/gradle/api/internal/attributes/DefaultDisambiguationRuleChain
Event: 3.865 loading class org/gradle/api/internal/attributes/DefaultDisambiguationRuleChain done
Event: 3.866 loading class org/gradle/api/internal/attributes/MultipleCandidatesResult
Event: 3.866 loading class org/gradle/api/internal/attributes/MultipleCandidatesResult done
Event: 3.866 loading class org/gradle/api/attributes/MultipleCandidatesDetails
Event: 3.866 loading class org/gradle/api/attributes/MultipleCandidatesDetails done
Event: 3.867 loading class org/gradle/api/internal/artifacts/dsl/dependencies/DefaultDependencyHandler$DirectDependencyAdder
Event: 3.867 loading class org/gradle/api/internal/artifacts/dsl/dependencies/DefaultDependencyHandler$DirectDependencyAdder done
Event: 3.868 loading class groovy/runtime/metaclass/org/gradle/api/internal/artifacts/dsl/dependencies/DefaultDependencyHandler_DecoratedMetaClass
Event: 3.868 loading class groovy/runtime/metaclass/org/gradle/api/internal/artifacts/dsl/dependencies/DefaultDependencyHandler_DecoratedMetaClass done


Dynamic libraries:
0x00007ff6f0810000 - 0x00007ff6f0857000 	C:\Program Files\Java\jdk1.8.0_261\bin\java.exe
0x00007ffb77c30000 - 0x00007ffb77e26000 	C:\WINDOWS\SYSTEM32\ntdll.dll
0x00007ffb4a4f0000 - 0x00007ffb4a502000 	C:\Program Files\AVAST Software\Avast\aswhook.dll
0x00007ffb75dd0000 - 0x00007ffb75e8d000 	C:\WINDOWS\System32\KERNEL32.DLL
0x00007ffb759c0000 - 0x00007ffb75c88000 	C:\WINDOWS\System32\KERNELBASE.dll
0x00007ffb77600000 - 0x00007ffb776ac000 	C:\WINDOWS\System32\ADVAPI32.dll
0x00007ffb76310000 - 0x00007ffb763ae000 	C:\WINDOWS\System32\msvcrt.dll
0x00007ffb777c0000 - 0x00007ffb7785b000 	C:\WINDOWS\System32\sechost.dll
0x00007ffb774d0000 - 0x00007ffb775f4000 	C:\WINDOWS\System32\RPCRT4.dll
0x00007ffb771f0000 - 0x00007ffb77390000 	C:\WINDOWS\System32\USER32.dll
0x00007ffb75830000 - 0x00007ffb75852000 	C:\WINDOWS\System32\win32u.dll
0x00007ffb76520000 - 0x00007ffb7654a000 	C:\WINDOWS\System32\GDI32.dll
0x00007ffb75370000 - 0x00007ffb75479000 	C:\WINDOWS\System32\gdi32full.dll
0x00007ffb75790000 - 0x00007ffb7582d000 	C:\WINDOWS\System32\msvcp_win.dll
0x00007ffb75860000 - 0x00007ffb75960000 	C:\WINDOWS\System32\ucrtbase.dll
0x00007ffb4d5e0000 - 0x00007ffb4d87b000 	C:\WINDOWS\WinSxS\amd64_microsoft.windows.common-controls_6595b64144ccf1df_6.0.19041.488_none_ca04af081b815d21\COMCTL32.dll
0x00007ffb76410000 - 0x00007ffb76440000 	C:\WINDOWS\System32\IMM32.DLL
0x00007ffb53ea0000 - 0x00007ffb53eb5000 	C:\Program Files\Java\jdk1.8.0_261\jre\bin\vcruntime140.dll
0x00007ffb418a0000 - 0x00007ffb4193b000 	C:\Program Files\Java\jdk1.8.0_261\jre\bin\msvcp140.dll
0x000000006f020000 - 0x000000006f88c000 	C:\Program Files\Java\jdk1.8.0_261\jre\bin\server\jvm.dll
0x00007ffb771e0000 - 0x00007ffb771e8000 	C:\WINDOWS\System32\PSAPI.DLL
0x00007ffb61600000 - 0x00007ffb61609000 	C:\WINDOWS\SYSTEM32\WSOCK32.dll
0x00007ffb77b80000 - 0x00007ffb77beb000 	C:\WINDOWS\System32\WS2_32.dll
0x00007ffb6c220000 - 0x00007ffb6c247000 	C:\WINDOWS\SYSTEM32\WINMM.dll
0x00007ffb6cca0000 - 0x00007ffb6ccaa000 	C:\WINDOWS\SYSTEM32\VERSION.dll
0x00007ffb732e0000 - 0x00007ffb732f2000 	C:\WINDOWS\SYSTEM32\kernel.appcore.dll
0x00007ffb5e170000 - 0x00007ffb5e180000 	C:\Program Files\Java\jdk1.8.0_261\jre\bin\verify.dll
0x00007ffb53e10000 - 0x00007ffb53e3b000 	C:\Program Files\Java\jdk1.8.0_261\jre\bin\java.dll
0x00007ffb53d30000 - 0x00007ffb53d48000 	C:\Program Files\Java\jdk1.8.0_261\jre\bin\zip.dll
0x00007ffb76a90000 - 0x00007ffb771d1000 	C:\WINDOWS\System32\SHELL32.dll
0x00007ffb734e0000 - 0x00007ffb73c75000 	C:\WINDOWS\SYSTEM32\windows.storage.dll
0x00007ffb76550000 - 0x00007ffb768a5000 	C:\WINDOWS\System32\combase.dll
0x00007ffb74de0000 - 0x00007ffb74e0c000 	C:\WINDOWS\SYSTEM32\Wldp.dll
0x00007ffb769e0000 - 0x00007ffb76a8e000 	C:\WINDOWS\System32\SHCORE.dll
0x00007ffb75d70000 - 0x00007ffb75dc5000 	C:\WINDOWS\System32\shlwapi.dll
0x00007ffb752a0000 - 0x00007ffb752c6000 	C:\WINDOWS\SYSTEM32\profapi.dll
0x00007ffb53d10000 - 0x00007ffb53d2c000 	C:\Program Files\Java\jdk1.8.0_261\jre\bin\net.dll
0x00007ffb74b60000 - 0x00007ffb74bca000 	C:\WINDOWS\system32\mswsock.dll
0x00007ffb53c90000 - 0x00007ffb53ca3000 	C:\Program Files\Java\jdk1.8.0_261\jre\bin\nio.dll
0x00007ffb5bbd0000 - 0x00007ffb5bbee000 	C:\Users\Shaan97\.gradle\native\25\windows-amd64\native-platform.dll
0x00007ffb5d530000 - 0x00007ffb5d53d000 	C:\Program Files\Java\jdk1.8.0_261\jre\bin\management.dll
0x00007ffb74d30000 - 0x00007ffb74d48000 	C:\WINDOWS\SYSTEM32\CRYPTSP.dll
0x00007ffb74480000 - 0x00007ffb744b4000 	C:\WINDOWS\system32\rsaenh.dll
0x00007ffb754d0000 - 0x00007ffb754f7000 	C:\WINDOWS\System32\bcrypt.dll
0x00007ffb75260000 - 0x00007ffb7528e000 	C:\WINDOWS\SYSTEM32\USERENV.dll
0x00007ffb75500000 - 0x00007ffb7557f000 	C:\WINDOWS\System32\bcryptprimitives.dll
0x00007ffb74d50000 - 0x00007ffb74d5c000 	C:\WINDOWS\SYSTEM32\CRYPTBASE.dll
0x00007ffb74800000 - 0x00007ffb7483b000 	C:\WINDOWS\SYSTEM32\IPHLPAPI.DLL
0x00007ffb76300000 - 0x00007ffb76308000 	C:\WINDOWS\System32\NSI.dll
0x00007ffb6f920000 - 0x00007ffb6f937000 	C:\WINDOWS\SYSTEM32\dhcpcsvc6.DLL
0x00007ffb6e770000 - 0x00007ffb6e78d000 	C:\WINDOWS\SYSTEM32\dhcpcsvc.DLL
0x00007ffb74850000 - 0x00007ffb7491b000 	C:\WINDOWS\SYSTEM32\DNSAPI.dll
0x00007ffb6ed00000 - 0x00007ffb6eee4000 	C:\WINDOWS\SYSTEM32\dbghelp.dll

VM Arguments:
jvm_args: -Xmx3G -Dfile.encoding=windows-1252 -Duser.country=US -Duser.language=en -Duser.variant 
java_command: org.gradle.launcher.daemon.bootstrap.GradleDaemon 4.10.3
java_class_path (initial): C:\Users\Shaan97\.gradle\wrapper\dists\gradle-4.10.3-bin\31t79e2qsceia4mkbojplrgx\gradle-4.10.3\lib\gradle-launcher-4.10.3.jar
Launcher Type: SUN_STANDARD

Environment Variables:
CLASSPATH=C:\Users\Shaan97\Desktop\Minecraft Modding\RubyItemsMod\\gradle\wrapper\gradle-wrapper.jar
PATH=C:\Program Files (x86)\Common Files\Oracle\Java\javapath;C:\WINDOWS\system32;C:\WINDOWS;C:\WINDOWS\System32\Wbem;C:\WINDOWS\System32\WindowsPowerShell\v1.0\;C:\WINDOWS\System32\OpenSSH\;C:\Program Files\dotnet\;C:\Program Files\nodejs\;C:\Program Files\Java\jdk1.8.0_261\bin;C:\Users\Shaan97\AppData\Local\BCML\bin;C:\Users\Shaan97\AppData\Local\Microsoft\WindowsApps;C:\Users\Shaan97\AppData\Roaming\npm;C:\Users\Shaan97\AppData\Local\Programs\Microsoft VS Code\bin
USERNAME=Shaan97
OS=Windows_NT
PROCESSOR_IDENTIFIER=AMD64 Family 23 Model 24 Stepping 1, AuthenticAMD



---------------  S Y S T E M  ---------------

OS: Windows 10.0 , 64 bit Build 19041 (10.0.19041.546)

CPU:total 4 (initial active 4) (4 cores per cpu, 1 threads per core) family 23 model 24 stepping 1, cmov, cx8, fxsr, mmx, sse, sse2, sse3, ssse3, sse4.1, sse4.2, popcnt, avx, avx2, aes, clmul, mmxext, 3dnowpref, lzcnt, sse4a, tsc, tscinvbit, tscinv, bmi1

Memory: 4k page, physical 16702080k(9837716k free), swap 19192448k(8272648k free)

vm_info: Java HotSpot(TM) 64-Bit Server VM (25.261-b12) for windows-amd64 JRE (1.8.0_261-b12), built on Jun 18 2020 06:56:32 by "" with unknown MS VC++:1916

time: Mon Nov 23 04:47:09 2020
timezone: Central Standard Time
elapsed time: 3 seconds (0d 0h 0m 3s)

